[2022-09-03T19:36:19.452Z] Log level: Info
[2022-09-03T19:36:19.487Z] [info] Validating found git in: git
[2022-09-03T19:36:19.666Z] [info] Using git 2.37.1 from git
[2022-09-03T19:36:19.803Z] > git rev-parse --show-toplevel [108ms]
[2022-09-03T19:36:19.815Z] > git rev-parse --git-dir --git-common-dir [4ms]
[2022-09-03T19:36:19.827Z] [info] Open repository: /home/ec2-user
[2022-09-03T19:36:19.875Z] > git status -z -uall [41ms]
[2022-09-03T19:36:19.882Z] > git symbolic-ref --short HEAD [4ms]
[2022-09-03T19:36:19.888Z] > git for-each-ref --format=%(refname)%00%(upstream:short)%00%(objectname)%00%(upstream:track)%00%(upstream:remotename)%00%(upstream:remoteref) refs/heads/master refs/remotes/master [3ms]
[2022-09-03T19:36:19.898Z] > git for-each-ref --sort -committerdate --format %(refname) %(objectname) %(*objectname) [8ms]
[2022-09-03T19:36:19.900Z] > git remote --verbose [7ms]
[2022-09-03T19:36:20.672Z] > git config --get commit.template [71ms]
[2022-09-03T19:36:20.757Z] > git status -z -uall [63ms]
[2022-09-03T19:36:20.770Z] > git symbolic-ref --short HEAD [10ms]
[2022-09-03T19:36:20.778Z] > git for-each-ref --format=%(refname)%00%(upstream:short)%00%(objectname)%00%(upstream:track)%00%(upstream:remotename)%00%(upstream:remoteref) refs/heads/master refs/remotes/master [5ms]
[2022-09-03T19:36:20.786Z] > git for-each-ref --sort -committerdate --format %(refname) %(objectname) %(*objectname) [5ms]
[2022-09-03T19:36:20.794Z] > git remote --verbose [10ms]
[2022-09-03T19:36:20.852Z] > git config --get commit.template [4ms]
[2022-09-03T19:36:21.545Z] > git check-ignore -v -z --stdin [29ms]
[2022-09-03T19:36:23.813Z] > git status -z -uall [25ms]
[2022-09-03T19:36:23.819Z] > git symbolic-ref --short HEAD [2ms]
[2022-09-03T19:36:23.824Z] > git for-each-ref --format=%(refname)%00%(upstream:short)%00%(objectname)%00%(upstream:track)%00%(upstream:remotename)%00%(upstream:remoteref) refs/heads/master refs/remotes/master [2ms]
[2022-09-03T19:36:23.830Z] > git for-each-ref --sort -committerdate --format %(refname) %(objectname) %(*objectname) [4ms]
[2022-09-03T19:36:23.832Z] > git remote --verbose [2ms]
[2022-09-03T19:36:23.884Z] > git config --get commit.template [3ms]
[2022-09-03T19:36:28.913Z] > git status -z -uall [23ms]
[2022-09-03T19:36:28.919Z] > git symbolic-ref --short HEAD [2ms]
[2022-09-03T19:36:28.923Z] > git for-each-ref --format=%(refname)%00%(upstream:short)%00%(objectname)%00%(upstream:track)%00%(upstream:remotename)%00%(upstream:remoteref) refs/heads/master refs/remotes/master [1ms]
[2022-09-03T19:36:28.930Z] > git for-each-ref --sort -committerdate --format %(refname) %(objectname) %(*objectname) [3ms]
[2022-09-03T19:36:28.931Z] > git remote --verbose [2ms]
[2022-09-03T19:36:28.981Z] > git config --get commit.template [2ms]
[2022-09-03T19:36:34.006Z] > git status -z -uall [19ms]
[2022-09-03T19:36:34.011Z] > git symbolic-ref --short HEAD [2ms]
[2022-09-03T19:36:34.015Z] > git for-each-ref --format=%(refname)%00%(upstream:short)%00%(objectname)%00%(upstream:track)%00%(upstream:remotename)%00%(upstream:remoteref) refs/heads/master refs/remotes/master [1ms]
[2022-09-03T19:36:34.022Z] > git for-each-ref --sort -committerdate --format %(refname) %(objectname) %(*objectname) [4ms]
[2022-09-03T19:36:34.023Z] > git remote --verbose [2ms]
[2022-09-03T19:36:34.072Z] > git config --get commit.template [2ms]
[2022-09-03T19:36:38.052Z] > git check-ignore -v -z --stdin [7ms]
[2022-09-03T19:36:38.320Z] > git show --textconv :dockerfile [5ms]
[2022-09-03T19:36:38.323Z] > git ls-files --stage -- /home/ec2-user/dockerfile [4ms]
[2022-09-03T19:36:39.096Z] > git status -z -uall [19ms]
[2022-09-03T19:36:39.103Z] > git symbolic-ref --short HEAD [3ms]
[2022-09-03T19:36:39.109Z] > git for-each-ref --format=%(refname)%00%(upstream:short)%00%(objectname)%00%(upstream:track)%00%(upstream:remotename)%00%(upstream:remoteref) refs/heads/master refs/remotes/master [3ms]
[2022-09-03T19:36:39.115Z] > git for-each-ref --sort -committerdate --format %(refname) %(objectname) %(*objectname) [4ms]
[2022-09-03T19:36:39.116Z] > git remote --verbose [2ms]
[2022-09-03T19:36:39.161Z] > git config --get commit.template [2ms]
[2022-09-03T19:36:44.185Z] > git status -z -uall [19ms]
[2022-09-03T19:36:44.191Z] > git symbolic-ref --short HEAD [2ms]
[2022-09-03T19:36:44.196Z] > git for-each-ref --format=%(refname)%00%(upstream:short)%00%(objectname)%00%(upstream:track)%00%(upstream:remotename)%00%(upstream:remoteref) refs/heads/master refs/remotes/master [2ms]
[2022-09-03T19:36:44.202Z] > git for-each-ref --sort -committerdate --format %(refname) %(objectname) %(*objectname) [4ms]
[2022-09-03T19:36:44.204Z] > git remote --verbose [2ms]
[2022-09-03T19:36:44.251Z] > git config --get commit.template [2ms]
[2022-09-03T19:36:49.276Z] > git status -z -uall [19ms]
[2022-09-03T19:36:49.282Z] > git symbolic-ref --short HEAD [2ms]
[2022-09-03T19:36:49.286Z] > git for-each-ref --format=%(refname)%00%(upstream:short)%00%(objectname)%00%(upstream:track)%00%(upstream:remotename)%00%(upstream:remoteref) refs/heads/master refs/remotes/master [1ms]
[2022-09-03T19:36:49.293Z] > git for-each-ref --sort -committerdate --format %(refname) %(objectname) %(*objectname) [4ms]
[2022-09-03T19:36:49.295Z] > git remote --verbose [3ms]
[2022-09-03T19:36:49.338Z] > git config --get commit.template [2ms]
[2022-09-03T19:36:54.367Z] > git status -z -uall [23ms]
[2022-09-03T19:36:54.373Z] > git symbolic-ref --short HEAD [2ms]
[2022-09-03T19:36:54.378Z] > git for-each-ref --format=%(refname)%00%(upstream:short)%00%(objectname)%00%(upstream:track)%00%(upstream:remotename)%00%(upstream:remoteref) refs/heads/master refs/remotes/master [2ms]
[2022-09-03T19:36:54.385Z] > git for-each-ref --sort -committerdate --format %(refname) %(objectname) %(*objectname) [5ms]
[2022-09-03T19:36:54.386Z] > git remote --verbose [2ms]
[2022-09-03T19:36:54.453Z] > git config --get commit.template [3ms]
[2022-09-03T19:36:59.489Z] > git status -z -uall [30ms]
[2022-09-03T19:36:59.495Z] > git symbolic-ref --short HEAD [2ms]
[2022-09-03T19:36:59.499Z] > git for-each-ref --format=%(refname)%00%(upstream:short)%00%(objectname)%00%(upstream:track)%00%(upstream:remotename)%00%(upstream:remoteref) refs/heads/master refs/remotes/master [1ms]
[2022-09-03T19:36:59.506Z] > git for-each-ref --sort -committerdate --format %(refname) %(objectname) %(*objectname) [4ms]
[2022-09-03T19:36:59.507Z] > git remote --verbose [2ms]
[2022-09-03T19:36:59.564Z] > git config --get commit.template [12ms]
[2022-09-03T19:37:04.590Z] > git status -z -uall [19ms]
[2022-09-03T19:37:04.595Z] > git symbolic-ref --short HEAD [2ms]
[2022-09-03T19:37:04.599Z] > git for-each-ref --format=%(refname)%00%(upstream:short)%00%(objectname)%00%(upstream:track)%00%(upstream:remotename)%00%(upstream:remoteref) refs/heads/master refs/remotes/master [1ms]
[2022-09-03T19:37:04.606Z] > git for-each-ref --sort -committerdate --format %(refname) %(objectname) %(*objectname) [4ms]
[2022-09-03T19:37:04.607Z] > git remote --verbose [2ms]
[2022-09-03T19:37:04.651Z] > git config --get commit.template [2ms]
[2022-09-03T19:37:44.964Z] > git status -z -uall [24ms]
[2022-09-03T19:37:44.971Z] > git symbolic-ref --short HEAD [3ms]
[2022-09-03T19:37:44.974Z] > git for-each-ref --format=%(refname)%00%(upstream:short)%00%(objectname)%00%(upstream:track)%00%(upstream:remotename)%00%(upstream:remoteref) refs/heads/master refs/remotes/master [1ms]
[2022-09-03T19:37:44.980Z] > git for-each-ref --sort -committerdate --format %(refname) %(objectname) %(*objectname) [4ms]
[2022-09-03T19:37:44.981Z] > git remote --verbose [2ms]
[2022-09-03T19:37:45.061Z] > git config --get commit.template [2ms]
[2022-09-03T19:37:50.085Z] > git status -z -uall [19ms]
[2022-09-03T19:37:50.090Z] > git symbolic-ref --short HEAD [2ms]
[2022-09-03T19:37:50.094Z] > git for-each-ref --format=%(refname)%00%(upstream:short)%00%(objectname)%00%(upstream:track)%00%(upstream:remotename)%00%(upstream:remoteref) refs/heads/master refs/remotes/master [1ms]
[2022-09-03T19:37:50.100Z] > git for-each-ref --sort -committerdate --format %(refname) %(objectname) %(*objectname) [3ms]
[2022-09-03T19:37:50.102Z] > git remote --verbose [2ms]
[2022-09-03T19:37:50.150Z] > git config --get commit.template [2ms]
[2022-09-03T19:37:55.175Z] > git status -z -uall [19ms]
[2022-09-03T19:37:55.180Z] > git symbolic-ref --short HEAD [2ms]
[2022-09-03T19:37:55.184Z] > git for-each-ref --format=%(refname)%00%(upstream:short)%00%(objectname)%00%(upstream:track)%00%(upstream:remotename)%00%(upstream:remoteref) refs/heads/master refs/remotes/master [1ms]
[2022-09-03T19:37:55.191Z] > git for-each-ref --sort -committerdate --format %(refname) %(objectname) %(*objectname) [4ms]
[2022-09-03T19:37:55.192Z] > git remote --verbose [2ms]
[2022-09-03T19:37:55.238Z] > git config --get commit.template [2ms]
[2022-09-03T19:38:00.266Z] > git status -z -uall [23ms]
[2022-09-03T19:38:00.272Z] > git symbolic-ref --short HEAD [2ms]
[2022-09-03T19:38:00.276Z] > git for-each-ref --format=%(refname)%00%(upstream:short)%00%(objectname)%00%(upstream:track)%00%(upstream:remotename)%00%(upstream:remoteref) refs/heads/master refs/remotes/master [1ms]
[2022-09-03T19:38:00.283Z] > git for-each-ref --sort -committerdate --format %(refname) %(objectname) %(*objectname) [4ms]
[2022-09-03T19:38:00.284Z] > git remote --verbose [2ms]
[2022-09-03T19:38:00.331Z] > git config --get commit.template [3ms]
[2022-09-03T19:38:05.355Z] > git status -z -uall [20ms]
[2022-09-03T19:38:05.361Z] > git symbolic-ref --short HEAD [2ms]
[2022-09-03T19:38:05.365Z] > git for-each-ref --format=%(refname)%00%(upstream:short)%00%(objectname)%00%(upstream:track)%00%(upstream:remotename)%00%(upstream:remoteref) refs/heads/master refs/remotes/master [2ms]
[2022-09-03T19:38:05.372Z] > git for-each-ref --sort -committerdate --format %(refname) %(objectname) %(*objectname) [4ms]
[2022-09-03T19:38:05.373Z] > git remote --verbose [2ms]
[2022-09-03T19:38:05.417Z] > git config --get commit.template [4ms]
[2022-09-03T19:38:10.441Z] > git status -z -uall [20ms]
[2022-09-03T19:38:10.447Z] > git symbolic-ref --short HEAD [3ms]
[2022-09-03T19:38:10.451Z] > git for-each-ref --format=%(refname)%00%(upstream:short)%00%(objectname)%00%(upstream:track)%00%(upstream:remotename)%00%(upstream:remoteref) refs/heads/master refs/remotes/master [1ms]
[2022-09-03T19:38:10.458Z] > git for-each-ref --sort -committerdate --format %(refname) %(objectname) %(*objectname) [4ms]
[2022-09-03T19:38:10.459Z] > git remote --verbose [2ms]
[2022-09-03T19:38:10.509Z] > git config --get commit.template [2ms]
[2022-09-03T19:38:15.534Z] > git status -z -uall [20ms]
[2022-09-03T19:38:15.539Z] > git symbolic-ref --short HEAD [2ms]
[2022-09-03T19:38:15.543Z] > git for-each-ref --format=%(refname)%00%(upstream:short)%00%(objectname)%00%(upstream:track)%00%(upstream:remotename)%00%(upstream:remoteref) refs/heads/master refs/remotes/master [1ms]
[2022-09-03T19:38:15.549Z] > git for-each-ref --sort -committerdate --format %(refname) %(objectname) %(*objectname) [3ms]
[2022-09-03T19:38:15.551Z] > git remote --verbose [2ms]
[2022-09-03T19:38:15.612Z] > git config --get commit.template [3ms]
[2022-09-03T19:38:20.644Z] > git status -z -uall [27ms]
[2022-09-03T19:38:20.653Z] > git symbolic-ref --short HEAD [2ms]
[2022-09-03T19:38:20.658Z] > git for-each-ref --format=%(refname)%00%(upstream:short)%00%(objectname)%00%(upstream:track)%00%(upstream:remotename)%00%(upstream:remoteref) refs/heads/master refs/remotes/master [2ms]
[2022-09-03T19:38:20.664Z] > git for-each-ref --sort -committerdate --format %(refname) %(objectname) %(*objectname) [4ms]
[2022-09-03T19:38:20.666Z] > git remote --verbose [2ms]
[2022-09-03T19:38:20.714Z] > git config --get commit.template [2ms]
[2022-09-03T19:38:25.740Z] > git status -z -uall [20ms]
[2022-09-03T19:38:25.746Z] > git symbolic-ref --short HEAD [2ms]
[2022-09-03T19:38:25.750Z] > git for-each-ref --format=%(refname)%00%(upstream:short)%00%(objectname)%00%(upstream:track)%00%(upstream:remotename)%00%(upstream:remoteref) refs/heads/master refs/remotes/master [1ms]
[2022-09-03T19:38:25.757Z] > git for-each-ref --sort -committerdate --format %(refname) %(objectname) %(*objectname) [4ms]
[2022-09-03T19:38:25.758Z] > git remote --verbose [2ms]
[2022-09-03T19:38:25.800Z] > git config --get commit.template [2ms]
[2022-09-03T19:38:30.836Z] > git status -z -uall [30ms]
[2022-09-03T19:38:30.846Z] > git symbolic-ref --short HEAD [3ms]
[2022-09-03T19:38:30.850Z] > git for-each-ref --format=%(refname)%00%(upstream:short)%00%(objectname)%00%(upstream:track)%00%(upstream:remotename)%00%(upstream:remoteref) refs/heads/master refs/remotes/master [1ms]
[2022-09-03T19:38:30.857Z] > git for-each-ref --sort -committerdate --format %(refname) %(objectname) %(*objectname) [4ms]
[2022-09-03T19:38:30.858Z] > git remote --verbose [2ms]
[2022-09-03T19:38:30.903Z] > git config --get commit.template [2ms]
[2022-09-03T19:38:35.927Z] > git status -z -uall [19ms]
[2022-09-03T19:38:35.933Z] > git symbolic-ref --short HEAD [2ms]
[2022-09-03T19:38:35.937Z] > git for-each-ref --format=%(refname)%00%(upstream:short)%00%(objectname)%00%(upstream:track)%00%(upstream:remotename)%00%(upstream:remoteref) refs/heads/master refs/remotes/master [1ms]
[2022-09-03T19:38:35.944Z] > git for-each-ref --sort -committerdate --format %(refname) %(objectname) %(*objectname) [4ms]
[2022-09-03T19:38:35.945Z] > git remote --verbose [2ms]
[2022-09-03T19:38:35.997Z] > git config --get commit.template [2ms]
[2022-09-03T19:38:41.030Z] > git status -z -uall [27ms]
[2022-09-03T19:38:41.036Z] > git symbolic-ref --short HEAD [2ms]
[2022-09-03T19:38:41.040Z] > git for-each-ref --format=%(refname)%00%(upstream:short)%00%(objectname)%00%(upstream:track)%00%(upstream:remotename)%00%(upstream:remoteref) refs/heads/master refs/remotes/master [1ms]
[2022-09-03T19:38:41.046Z] > git for-each-ref --sort -committerdate --format %(refname) %(objectname) %(*objectname) [3ms]
[2022-09-03T19:38:41.048Z] > git remote --verbose [2ms]
[2022-09-03T19:38:41.095Z] > git config --get commit.template [2ms]
[2022-09-03T19:38:46.121Z] > git status -z -uall [20ms]
[2022-09-03T19:38:46.127Z] > git symbolic-ref --short HEAD [2ms]
[2022-09-03T19:38:46.132Z] > git for-each-ref --format=%(refname)%00%(upstream:short)%00%(objectname)%00%(upstream:track)%00%(upstream:remotename)%00%(upstream:remoteref) refs/heads/master refs/remotes/master [2ms]
[2022-09-03T19:38:46.139Z] > git for-each-ref --sort -committerdate --format %(refname) %(objectname) %(*objectname) [4ms]
[2022-09-03T19:38:46.140Z] > git remote --verbose [2ms]
[2022-09-03T19:38:46.183Z] > git config --get commit.template [2ms]
[2022-09-03T19:38:51.207Z] > git status -z -uall [18ms]
[2022-09-03T19:38:51.212Z] > git symbolic-ref --short HEAD [2ms]
[2022-09-03T19:38:51.216Z] > git for-each-ref --format=%(refname)%00%(upstream:short)%00%(objectname)%00%(upstream:track)%00%(upstream:remotename)%00%(upstream:remoteref) refs/heads/master refs/remotes/master [1ms]
[2022-09-03T19:38:51.222Z] > git for-each-ref --sort -committerdate --format %(refname) %(objectname) %(*objectname) [3ms]
[2022-09-03T19:38:51.224Z] > git remote --verbose [2ms]
[2022-09-03T19:38:51.271Z] > git config --get commit.template [2ms]
[2022-09-03T19:38:56.295Z] > git status -z -uall [18ms]
[2022-09-03T19:38:56.300Z] > git symbolic-ref --short HEAD [1ms]
[2022-09-03T19:38:56.304Z] > git for-each-ref --format=%(refname)%00%(upstream:short)%00%(objectname)%00%(upstream:track)%00%(upstream:remotename)%00%(upstream:remoteref) refs/heads/master refs/remotes/master [1ms]
[2022-09-03T19:38:56.311Z] > git for-each-ref --sort -committerdate --format %(refname) %(objectname) %(*objectname) [4ms]
[2022-09-03T19:38:56.312Z] > git remote --verbose [2ms]
[2022-09-03T19:38:56.355Z] > git config --get commit.template [2ms]
[2022-09-03T19:39:01.380Z] > git status -z -uall [20ms]
[2022-09-03T19:39:01.386Z] > git symbolic-ref --short HEAD [2ms]
[2022-09-03T19:39:01.392Z] > git for-each-ref --format=%(refname)%00%(upstream:short)%00%(objectname)%00%(upstream:track)%00%(upstream:remotename)%00%(upstream:remoteref) refs/heads/master refs/remotes/master [2ms]
[2022-09-03T19:39:01.401Z] > git for-each-ref --sort -committerdate --format %(refname) %(objectname) %(*objectname) [5ms]
[2022-09-03T19:39:01.403Z] > git remote --verbose [2ms]
[2022-09-03T19:39:01.452Z] > git config --get commit.template [2ms]
[2022-09-03T19:39:06.477Z] > git status -z -uall [19ms]
[2022-09-03T19:39:06.482Z] > git symbolic-ref --short HEAD [2ms]
[2022-09-03T19:39:06.486Z] > git for-each-ref --format=%(refname)%00%(upstream:short)%00%(objectname)%00%(upstream:track)%00%(upstream:remotename)%00%(upstream:remoteref) refs/heads/master refs/remotes/master [1ms]
[2022-09-03T19:39:06.492Z] > git for-each-ref --sort -committerdate --format %(refname) %(objectname) %(*objectname) [3ms]
[2022-09-03T19:39:06.494Z] > git remote --verbose [2ms]
[2022-09-03T19:39:06.537Z] > git config --get commit.template [2ms]
[2022-09-03T19:39:11.561Z] > git status -z -uall [19ms]
[2022-09-03T19:39:11.567Z] > git symbolic-ref --short HEAD [2ms]
[2022-09-03T19:39:11.570Z] > git for-each-ref --format=%(refname)%00%(upstream:short)%00%(objectname)%00%(upstream:track)%00%(upstream:remotename)%00%(upstream:remoteref) refs/heads/master refs/remotes/master [1ms]
[2022-09-03T19:39:11.577Z] > git for-each-ref --sort -committerdate --format %(refname) %(objectname) %(*objectname) [4ms]
[2022-09-03T19:39:11.578Z] > git remote --verbose [2ms]
[2022-09-03T19:39:11.625Z] > git config --get commit.template [2ms]
[2022-09-03T19:39:16.650Z] > git status -z -uall [19ms]
[2022-09-03T19:39:16.655Z] > git symbolic-ref --short HEAD [2ms]
[2022-09-03T19:39:16.659Z] > git for-each-ref --format=%(refname)%00%(upstream:short)%00%(objectname)%00%(upstream:track)%00%(upstream:remotename)%00%(upstream:remoteref) refs/heads/master refs/remotes/master [2ms]
[2022-09-03T19:39:16.665Z] > git for-each-ref --sort -committerdate --format %(refname) %(objectname) %(*objectname) [4ms]
[2022-09-03T19:39:16.667Z] > git remote --verbose [2ms]
[2022-09-03T19:39:16.714Z] > git config --get commit.template [2ms]
[2022-09-03T19:39:21.739Z] > git status -z -uall [19ms]
[2022-09-03T19:39:21.745Z] > git symbolic-ref --short HEAD [2ms]
[2022-09-03T19:39:21.749Z] > git for-each-ref --format=%(refname)%00%(upstream:short)%00%(objectname)%00%(upstream:track)%00%(upstream:remotename)%00%(upstream:remoteref) refs/heads/master refs/remotes/master [2ms]
[2022-09-03T19:39:21.755Z] > git for-each-ref --sort -committerdate --format %(refname) %(objectname) %(*objectname) [4ms]
[2022-09-03T19:39:21.756Z] > git remote --verbose [2ms]
[2022-09-03T19:39:21.799Z] > git config --get commit.template [2ms]
[2022-09-03T19:39:26.822Z] > git status -z -uall [19ms]
[2022-09-03T19:39:26.827Z] > git symbolic-ref --short HEAD [2ms]
[2022-09-03T19:39:26.832Z] > git for-each-ref --format=%(refname)%00%(upstream:short)%00%(objectname)%00%(upstream:track)%00%(upstream:remotename)%00%(upstream:remoteref) refs/heads/master refs/remotes/master [2ms]
[2022-09-03T19:39:26.839Z] > git for-each-ref --sort -committerdate --format %(refname) %(objectname) %(*objectname) [4ms]
[2022-09-03T19:39:26.841Z] > git remote --verbose [3ms]
[2022-09-03T19:39:26.887Z] > git config --get commit.template [2ms]
[2022-09-03T19:39:31.912Z] > git status -z -uall [19ms]
[2022-09-03T19:39:31.919Z] > git symbolic-ref --short HEAD [3ms]
[2022-09-03T19:39:31.923Z] > git for-each-ref --format=%(refname)%00%(upstream:short)%00%(objectname)%00%(upstream:track)%00%(upstream:remotename)%00%(upstream:remoteref) refs/heads/master refs/remotes/master [1ms]
[2022-09-03T19:39:31.930Z] > git for-each-ref --sort -committerdate --format %(refname) %(objectname) %(*objectname) [4ms]
[2022-09-03T19:39:31.931Z] > git remote --verbose [2ms]
[2022-09-03T19:39:31.975Z] > git config --get commit.template [2ms]
[2022-09-03T19:39:36.999Z] > git status -z -uall [19ms]
[2022-09-03T19:39:37.005Z] > git symbolic-ref --short HEAD [2ms]
[2022-09-03T19:39:37.009Z] > git for-each-ref --format=%(refname)%00%(upstream:short)%00%(objectname)%00%(upstream:track)%00%(upstream:remotename)%00%(upstream:remoteref) refs/heads/master refs/remotes/master [1ms]
[2022-09-03T19:39:37.016Z] > git for-each-ref --sort -committerdate --format %(refname) %(objectname) %(*objectname) [4ms]
[2022-09-03T19:39:37.019Z] > git remote --verbose [3ms]
[2022-09-03T19:39:37.067Z] > git config --get commit.template [1ms]
[2022-09-03T19:39:42.091Z] > git status -z -uall [19ms]
[2022-09-03T19:39:42.097Z] > git symbolic-ref --short HEAD [2ms]
[2022-09-03T19:39:42.101Z] > git for-each-ref --format=%(refname)%00%(upstream:short)%00%(objectname)%00%(upstream:track)%00%(upstream:remotename)%00%(upstream:remoteref) refs/heads/master refs/remotes/master [1ms]
[2022-09-03T19:39:42.108Z] > git for-each-ref --sort -committerdate --format %(refname) %(objectname) %(*objectname) [4ms]
[2022-09-03T19:39:42.109Z] > git remote --verbose [2ms]
[2022-09-03T19:39:42.153Z] > git config --get commit.template [2ms]
[2022-09-03T19:39:47.177Z] > git status -z -uall [19ms]
[2022-09-03T19:39:47.183Z] > git symbolic-ref --short HEAD [2ms]
[2022-09-03T19:39:47.187Z] > git for-each-ref --format=%(refname)%00%(upstream:short)%00%(objectname)%00%(upstream:track)%00%(upstream:remotename)%00%(upstream:remoteref) refs/heads/master refs/remotes/master [2ms]
[2022-09-03T19:39:47.193Z] > git for-each-ref --sort -committerdate --format %(refname) %(objectname) %(*objectname) [4ms]
[2022-09-03T19:39:47.194Z] > git remote --verbose [2ms]
[2022-09-03T19:39:47.242Z] > git config --get commit.template [2ms]
[2022-09-03T19:39:52.269Z] > git status -z -uall [21ms]
[2022-09-03T19:39:52.274Z] > git symbolic-ref --short HEAD [2ms]
[2022-09-03T19:39:52.278Z] > git for-each-ref --format=%(refname)%00%(upstream:short)%00%(objectname)%00%(upstream:track)%00%(upstream:remotename)%00%(upstream:remoteref) refs/heads/master refs/remotes/master [1ms]
[2022-09-03T19:39:52.285Z] > git for-each-ref --sort -committerdate --format %(refname) %(objectname) %(*objectname) [4ms]
[2022-09-03T19:39:52.287Z] > git remote --verbose [3ms]
[2022-09-03T19:39:52.333Z] > git config --get commit.template [1ms]
[2022-09-03T19:39:57.357Z] > git status -z -uall [19ms]
[2022-09-03T19:39:57.363Z] > git symbolic-ref --short HEAD [2ms]
[2022-09-03T19:39:57.367Z] > git for-each-ref --format=%(refname)%00%(upstream:short)%00%(objectname)%00%(upstream:track)%00%(upstream:remotename)%00%(upstream:remoteref) refs/heads/master refs/remotes/master [1ms]
[2022-09-03T19:39:57.374Z] > git for-each-ref --sort -committerdate --format %(refname) %(objectname) %(*objectname) [4ms]
[2022-09-03T19:39:57.375Z] > git remote --verbose [2ms]
[2022-09-03T19:39:57.420Z] > git config --get commit.template [3ms]
[2022-09-03T19:40:02.444Z] > git status -z -uall [19ms]
[2022-09-03T19:40:02.450Z] > git symbolic-ref --short HEAD [2ms]
[2022-09-03T19:40:02.454Z] > git for-each-ref --format=%(refname)%00%(upstream:short)%00%(objectname)%00%(upstream:track)%00%(upstream:remotename)%00%(upstream:remoteref) refs/heads/master refs/remotes/master [1ms]
[2022-09-03T19:40:02.461Z] > git for-each-ref --sort -committerdate --format %(refname) %(objectname) %(*objectname) [4ms]
[2022-09-03T19:40:02.462Z] > git remote --verbose [2ms]
[2022-09-03T19:40:02.510Z] > git config --get commit.template [2ms]
[2022-09-03T19:40:07.534Z] > git status -z -uall [19ms]
[2022-09-03T19:40:07.540Z] > git symbolic-ref --short HEAD [2ms]
[2022-09-03T19:40:07.544Z] > git for-each-ref --format=%(refname)%00%(upstream:short)%00%(objectname)%00%(upstream:track)%00%(upstream:remotename)%00%(upstream:remoteref) refs/heads/master refs/remotes/master [1ms]
[2022-09-03T19:40:07.551Z] > git for-each-ref --sort -committerdate --format %(refname) %(objectname) %(*objectname) [4ms]
[2022-09-03T19:40:07.552Z] > git remote --verbose [2ms]
[2022-09-03T19:40:07.601Z] > git config --get commit.template [2ms]
[2022-09-03T19:40:12.625Z] > git status -z -uall [19ms]
[2022-09-03T19:40:12.631Z] > git symbolic-ref --short HEAD [2ms]
[2022-09-03T19:40:12.635Z] > git for-each-ref --format=%(refname)%00%(upstream:short)%00%(objectname)%00%(upstream:track)%00%(upstream:remotename)%00%(upstream:remoteref) refs/heads/master refs/remotes/master [2ms]
[2022-09-03T19:40:12.642Z] > git for-each-ref --sort -committerdate --format %(refname) %(objectname) %(*objectname) [3ms]
[2022-09-03T19:40:12.643Z] > git remote --verbose [2ms]
[2022-09-03T19:40:12.687Z] > git config --get commit.template [1ms]
[2022-09-03T19:40:17.710Z] > git status -z -uall [19ms]
[2022-09-03T19:40:17.715Z] > git symbolic-ref --short HEAD [1ms]
[2022-09-03T19:40:17.719Z] > git for-each-ref --format=%(refname)%00%(upstream:short)%00%(objectname)%00%(upstream:track)%00%(upstream:remotename)%00%(upstream:remoteref) refs/heads/master refs/remotes/master [1ms]
[2022-09-03T19:40:17.726Z] > git for-each-ref --sort -committerdate --format %(refname) %(objectname) %(*objectname) [4ms]
[2022-09-03T19:40:17.727Z] > git remote --verbose [2ms]
[2022-09-03T19:40:17.775Z] > git config --get commit.template [2ms]
[2022-09-03T19:40:22.800Z] > git status -z -uall [19ms]
[2022-09-03T19:40:22.805Z] > git symbolic-ref --short HEAD [2ms]
[2022-09-03T19:40:22.809Z] > git for-each-ref --format=%(refname)%00%(upstream:short)%00%(objectname)%00%(upstream:track)%00%(upstream:remotename)%00%(upstream:remoteref) refs/heads/master refs/remotes/master [1ms]
[2022-09-03T19:40:22.815Z] > git for-each-ref --sort -committerdate --format %(refname) %(objectname) %(*objectname) [4ms]
[2022-09-03T19:40:22.817Z] > git remote --verbose [2ms]
[2022-09-03T19:40:22.860Z] > git config --get commit.template [2ms]
[2022-09-03T19:40:27.886Z] > git status -z -uall [20ms]
[2022-09-03T19:40:27.892Z] > git symbolic-ref --short HEAD [2ms]
[2022-09-03T19:40:27.896Z] > git for-each-ref --format=%(refname)%00%(upstream:short)%00%(objectname)%00%(upstream:track)%00%(upstream:remotename)%00%(upstream:remoteref) refs/heads/master refs/remotes/master [1ms]
[2022-09-03T19:40:27.903Z] > git for-each-ref --sort -committerdate --format %(refname) %(objectname) %(*objectname) [4ms]
[2022-09-03T19:40:27.904Z] > git remote --verbose [2ms]
[2022-09-03T19:40:27.953Z] > git config --get commit.template [3ms]
[2022-09-03T19:40:32.976Z] > git status -z -uall [19ms]
[2022-09-03T19:40:32.982Z] > git symbolic-ref --short HEAD [2ms]
[2022-09-03T19:40:32.986Z] > git for-each-ref --format=%(refname)%00%(upstream:short)%00%(objectname)%00%(upstream:track)%00%(upstream:remotename)%00%(upstream:remoteref) refs/heads/master refs/remotes/master [1ms]
[2022-09-03T19:40:32.993Z] > git for-each-ref --sort -committerdate --format %(refname) %(objectname) %(*objectname) [4ms]
[2022-09-03T19:40:32.994Z] > git remote --verbose [2ms]
[2022-09-03T19:40:33.037Z] > git config --get commit.template [2ms]
[2022-09-03T19:40:38.061Z] > git status -z -uall [19ms]
[2022-09-03T19:40:38.067Z] > git symbolic-ref --short HEAD [2ms]
[2022-09-03T19:40:38.071Z] > git for-each-ref --format=%(refname)%00%(upstream:short)%00%(objectname)%00%(upstream:track)%00%(upstream:remotename)%00%(upstream:remoteref) refs/heads/master refs/remotes/master [1ms]
[2022-09-03T19:40:38.077Z] > git for-each-ref --sort -committerdate --format %(refname) %(objectname) %(*objectname) [4ms]
[2022-09-03T19:40:38.078Z] > git remote --verbose [1ms]
[2022-09-03T19:40:38.125Z] > git config --get commit.template [1ms]
[2022-09-03T19:40:43.152Z] > git status -z -uall [22ms]
[2022-09-03T19:40:43.157Z] > git symbolic-ref --short HEAD [1ms]
[2022-09-03T19:40:43.161Z] > git for-each-ref --format=%(refname)%00%(upstream:short)%00%(objectname)%00%(upstream:track)%00%(upstream:remotename)%00%(upstream:remoteref) refs/heads/master refs/remotes/master [1ms]
[2022-09-03T19:40:43.168Z] > git for-each-ref --sort -committerdate --format %(refname) %(objectname) %(*objectname) [4ms]
[2022-09-03T19:40:43.169Z] > git remote --verbose [1ms]
[2022-09-03T19:40:43.213Z] > git config --get commit.template [2ms]
[2022-09-03T19:40:48.237Z] > git status -z -uall [19ms]
[2022-09-03T19:40:48.243Z] > git symbolic-ref --short HEAD [2ms]
[2022-09-03T19:40:48.247Z] > git for-each-ref --format=%(refname)%00%(upstream:short)%00%(objectname)%00%(upstream:track)%00%(upstream:remotename)%00%(upstream:remoteref) refs/heads/master refs/remotes/master [2ms]
[2022-09-03T19:40:48.253Z] > git for-each-ref --sort -committerdate --format %(refname) %(objectname) %(*objectname) [4ms]
[2022-09-03T19:40:48.255Z] > git remote --verbose [2ms]
[2022-09-03T19:40:48.302Z] > git config --get commit.template [2ms]
[2022-09-03T19:40:53.327Z] > git status -z -uall [19ms]
[2022-09-03T19:40:53.333Z] > git symbolic-ref --short HEAD [2ms]
[2022-09-03T19:40:53.337Z] > git for-each-ref --format=%(refname)%00%(upstream:short)%00%(objectname)%00%(upstream:track)%00%(upstream:remotename)%00%(upstream:remoteref) refs/heads/master refs/remotes/master [1ms]
[2022-09-03T19:40:53.344Z] > git for-each-ref --sort -committerdate --format %(refname) %(objectname) %(*objectname) [4ms]
[2022-09-03T19:40:53.345Z] > git remote --verbose [2ms]
[2022-09-03T19:40:53.394Z] > git config --get commit.template [2ms]
[2022-09-03T19:40:58.419Z] > git status -z -uall [19ms]
[2022-09-03T19:40:58.425Z] > git symbolic-ref --short HEAD [2ms]
[2022-09-03T19:40:58.429Z] > git for-each-ref --format=%(refname)%00%(upstream:short)%00%(objectname)%00%(upstream:track)%00%(upstream:remotename)%00%(upstream:remoteref) refs/heads/master refs/remotes/master [2ms]
[2022-09-03T19:40:58.435Z] > git for-each-ref --sort -committerdate --format %(refname) %(objectname) %(*objectname) [3ms]
[2022-09-03T19:40:58.437Z] > git remote --verbose [2ms]
[2022-09-03T19:40:58.482Z] > git config --get commit.template [2ms]
[2022-09-03T19:41:03.505Z] > git status -z -uall [18ms]
[2022-09-03T19:41:03.511Z] > git symbolic-ref --short HEAD [2ms]
[2022-09-03T19:41:03.515Z] > git for-each-ref --format=%(refname)%00%(upstream:short)%00%(objectname)%00%(upstream:track)%00%(upstream:remotename)%00%(upstream:remoteref) refs/heads/master refs/remotes/master [1ms]
[2022-09-03T19:41:03.522Z] > git for-each-ref --sort -committerdate --format %(refname) %(objectname) %(*objectname) [4ms]
[2022-09-03T19:41:03.523Z] > git remote --verbose [2ms]
[2022-09-03T19:41:03.578Z] > git config --get commit.template [3ms]
[2022-09-03T19:41:08.602Z] > git status -z -uall [19ms]
[2022-09-03T19:41:08.607Z] > git symbolic-ref --short HEAD [2ms]
[2022-09-03T19:41:08.617Z] > git for-each-ref --format=%(refname)%00%(upstream:short)%00%(objectname)%00%(upstream:track)%00%(upstream:remotename)%00%(upstream:remoteref) refs/heads/master refs/remotes/master [7ms]
[2022-09-03T19:41:08.626Z] > git for-each-ref --sort -committerdate --format %(refname) %(objectname) %(*objectname) [4ms]
[2022-09-03T19:41:08.628Z] > git remote --verbose [2ms]
[2022-09-03T19:41:08.671Z] > git config --get commit.template [2ms]
[2022-09-03T19:41:13.843Z] > git ls-files --stage -- /home/ec2-user/dockerfile [2ms]
[2022-09-03T19:41:13.919Z] > git show --textconv :dockerfile [3ms]
[2022-09-03T19:41:15.280Z] > git status -z -uall [20ms]
[2022-09-03T19:41:15.285Z] > git symbolic-ref --short HEAD [2ms]
[2022-09-03T19:41:15.289Z] > git for-each-ref --format=%(refname)%00%(upstream:short)%00%(objectname)%00%(upstream:track)%00%(upstream:remotename)%00%(upstream:remoteref) refs/heads/master refs/remotes/master [1ms]
[2022-09-03T19:41:15.296Z] > git for-each-ref --sort -committerdate --format %(refname) %(objectname) %(*objectname) [4ms]
[2022-09-03T19:41:15.297Z] > git remote --verbose [2ms]
[2022-09-03T19:41:15.350Z] > git config --get commit.template [2ms]
[2022-09-03T19:41:20.410Z] > git status -z -uall [48ms]
[2022-09-03T19:41:20.424Z] > git symbolic-ref --short HEAD [7ms]
[2022-09-03T19:41:20.436Z] > git for-each-ref --format=%(refname)%00%(upstream:short)%00%(objectname)%00%(upstream:track)%00%(upstream:remotename)%00%(upstream:remoteref) refs/heads/master refs/remotes/master [2ms]
[2022-09-03T19:41:20.454Z] > git for-each-ref --sort -committerdate --format %(refname) %(objectname) %(*objectname) [8ms]
[2022-09-03T19:41:20.456Z] > git remote --verbose [3ms]
[2022-09-03T19:41:20.541Z] > git config --get commit.template [5ms]
[2022-09-03T19:41:25.601Z] > git status -z -uall [47ms]
[2022-09-03T19:41:25.612Z] > git symbolic-ref --short HEAD [3ms]
[2022-09-03T19:41:25.620Z] > git for-each-ref --format=%(refname)%00%(upstream:short)%00%(objectname)%00%(upstream:track)%00%(upstream:remotename)%00%(upstream:remoteref) refs/heads/master refs/remotes/master [3ms]
[2022-09-03T19:41:25.631Z] > git for-each-ref --sort -committerdate --format %(refname) %(objectname) %(*objectname) [7ms]
[2022-09-03T19:41:25.636Z] > git remote --verbose [6ms]
[2022-09-03T19:41:25.702Z] > git config --get commit.template [5ms]
[2022-09-03T19:41:30.779Z] > git status -z -uall [63ms]
[2022-09-03T19:41:30.791Z] > git symbolic-ref --short HEAD [2ms]
[2022-09-03T19:41:30.800Z] > git for-each-ref --format=%(refname)%00%(upstream:short)%00%(objectname)%00%(upstream:track)%00%(upstream:remotename)%00%(upstream:remoteref) refs/heads/master refs/remotes/master [3ms]
[2022-09-03T19:41:30.810Z] > git for-each-ref --sort -committerdate --format %(refname) %(objectname) %(*objectname) [5ms]
[2022-09-03T19:41:30.817Z] > git remote --verbose [7ms]
[2022-09-03T19:41:30.897Z] > git config --get commit.template [4ms]
[2022-09-03T19:42:51.711Z] > git status -z -uall [112ms]
[2022-09-03T19:42:51.716Z] > git symbolic-ref --short HEAD [2ms]
[2022-09-03T19:42:51.720Z] > git for-each-ref --format=%(refname)%00%(upstream:short)%00%(objectname)%00%(upstream:track)%00%(upstream:remotename)%00%(upstream:remoteref) refs/heads/master refs/remotes/master [2ms]
[2022-09-03T19:42:51.726Z] > git for-each-ref --sort -committerdate --format %(refname) %(objectname) %(*objectname) [3ms]
[2022-09-03T19:42:51.727Z] > git remote --verbose [2ms]
[2022-09-03T19:42:51.795Z] > git config --get commit.template [2ms]
[2022-09-03T19:42:52.362Z] > git ls-files --stage -- /home/ec2-user/dockerfile [28ms]
[2022-09-03T19:42:52.377Z] > git cat-file -s 4263006636c26e4eb6782794400b3d2407494b0e [8ms]
[2022-09-03T19:42:52.953Z] > git show --textconv :dockerfile [11ms]
[2022-09-03T19:42:56.865Z] > git status -z -uall [65ms]
[2022-09-03T19:42:56.896Z] > git symbolic-ref --short HEAD [19ms]
[2022-09-03T19:42:56.901Z] > git for-each-ref --format=%(refname)%00%(upstream:short)%00%(objectname)%00%(upstream:track)%00%(upstream:remotename)%00%(upstream:remoteref) refs/heads/master refs/remotes/master [2ms]
[2022-09-03T19:42:56.908Z] > git for-each-ref --sort -committerdate --format %(refname) %(objectname) %(*objectname) [4ms]
[2022-09-03T19:42:56.909Z] > git remote --verbose [2ms]
[2022-09-03T19:42:56.960Z] > git config --get commit.template [4ms]
[2022-09-03T19:43:06.253Z] > git status -z -uall [31ms]
[2022-09-03T19:43:06.258Z] > git symbolic-ref --short HEAD [2ms]
[2022-09-03T19:43:06.262Z] > git for-each-ref --format=%(refname)%00%(upstream:short)%00%(objectname)%00%(upstream:track)%00%(upstream:remotename)%00%(upstream:remoteref) refs/heads/master refs/remotes/master [1ms]
[2022-09-03T19:43:06.268Z] > git for-each-ref --sort -committerdate --format %(refname) %(objectname) %(*objectname) [4ms]
[2022-09-03T19:43:06.269Z] > git remote --verbose [2ms]
[2022-09-03T19:43:06.337Z] > git config --get commit.template [2ms]
[2022-09-03T19:43:11.368Z] > git status -z -uall [26ms]
[2022-09-03T19:43:11.378Z] > git symbolic-ref --short HEAD [3ms]
[2022-09-03T19:43:11.382Z] > git for-each-ref --format=%(refname)%00%(upstream:short)%00%(objectname)%00%(upstream:track)%00%(upstream:remotename)%00%(upstream:remoteref) refs/heads/master refs/remotes/master [2ms]
[2022-09-03T19:43:11.388Z] > git for-each-ref --sort -committerdate --format %(refname) %(objectname) %(*objectname) [4ms]
[2022-09-03T19:43:11.390Z] > git remote --verbose [2ms]
[2022-09-03T19:43:11.442Z] > git config --get commit.template [2ms]
[2022-09-03T19:43:16.474Z] > git status -z -uall [27ms]
[2022-09-03T19:43:16.481Z] > git symbolic-ref --short HEAD [3ms]
[2022-09-03T19:43:16.485Z] > git for-each-ref --format=%(refname)%00%(upstream:short)%00%(objectname)%00%(upstream:track)%00%(upstream:remotename)%00%(upstream:remoteref) refs/heads/master refs/remotes/master [2ms]
[2022-09-03T19:43:16.491Z] > git for-each-ref --sort -committerdate --format %(refname) %(objectname) %(*objectname) [4ms]
[2022-09-03T19:43:16.493Z] > git remote --verbose [2ms]
[2022-09-03T19:43:16.547Z] > git config --get commit.template [3ms]
[2022-09-03T19:43:21.578Z] > git status -z -uall [27ms]
[2022-09-03T19:43:21.584Z] > git symbolic-ref --short HEAD [2ms]
[2022-09-03T19:43:21.588Z] > git for-each-ref --format=%(refname)%00%(upstream:short)%00%(objectname)%00%(upstream:track)%00%(upstream:remotename)%00%(upstream:remoteref) refs/heads/master refs/remotes/master [1ms]
[2022-09-03T19:43:21.595Z] > git for-each-ref --sort -committerdate --format %(refname) %(objectname) %(*objectname) [4ms]
[2022-09-03T19:43:21.596Z] > git remote --verbose [2ms]
[2022-09-03T19:43:21.648Z] > git config --get commit.template [2ms]
[2022-09-03T19:43:26.680Z] > git status -z -uall [26ms]
[2022-09-03T19:43:26.686Z] > git symbolic-ref --short HEAD [2ms]
[2022-09-03T19:43:26.690Z] > git for-each-ref --format=%(refname)%00%(upstream:short)%00%(objectname)%00%(upstream:track)%00%(upstream:remotename)%00%(upstream:remoteref) refs/heads/master refs/remotes/master [1ms]
[2022-09-03T19:43:26.697Z] > git for-each-ref --sort -committerdate --format %(refname) %(objectname) %(*objectname) [4ms]
[2022-09-03T19:43:26.698Z] > git remote --verbose [2ms]
[2022-09-03T19:43:26.757Z] > git config --get commit.template [8ms]
[2022-09-03T19:43:31.793Z] > git status -z -uall [30ms]
[2022-09-03T19:43:31.800Z] > git symbolic-ref --short HEAD [2ms]
[2022-09-03T19:43:31.804Z] > git for-each-ref --format=%(refname)%00%(upstream:short)%00%(objectname)%00%(upstream:track)%00%(upstream:remotename)%00%(upstream:remoteref) refs/heads/master refs/remotes/master [2ms]
[2022-09-03T19:43:31.810Z] > git for-each-ref --sort -committerdate --format %(refname) %(objectname) %(*objectname) [4ms]
[2022-09-03T19:43:31.812Z] > git remote --verbose [2ms]
[2022-09-03T19:43:31.889Z] > git config --get commit.template [1ms]
[2022-09-03T19:43:36.921Z] > git status -z -uall [26ms]
[2022-09-03T19:43:36.927Z] > git symbolic-ref --short HEAD [2ms]
[2022-09-03T19:43:36.931Z] > git for-each-ref --format=%(refname)%00%(upstream:short)%00%(objectname)%00%(upstream:track)%00%(upstream:remotename)%00%(upstream:remoteref) refs/heads/master refs/remotes/master [1ms]
[2022-09-03T19:43:36.938Z] > git for-each-ref --sort -committerdate --format %(refname) %(objectname) %(*objectname) [4ms]
[2022-09-03T19:43:36.940Z] > git remote --verbose [2ms]
[2022-09-03T19:43:36.996Z] > git config --get commit.template [2ms]
[2022-09-03T19:43:42.028Z] > git status -z -uall [26ms]
[2022-09-03T19:43:42.035Z] > git symbolic-ref --short HEAD [2ms]
[2022-09-03T19:43:42.040Z] > git for-each-ref --format=%(refname)%00%(upstream:short)%00%(objectname)%00%(upstream:track)%00%(upstream:remotename)%00%(upstream:remoteref) refs/heads/master refs/remotes/master [2ms]
[2022-09-03T19:43:42.046Z] > git for-each-ref --sort -committerdate --format %(refname) %(objectname) %(*objectname) [4ms]
[2022-09-03T19:43:42.048Z] > git remote --verbose [2ms]
[2022-09-03T19:43:42.101Z] > git config --get commit.template [2ms]
[2022-09-03T19:43:47.136Z] > git status -z -uall [29ms]
[2022-09-03T19:43:47.142Z] > git symbolic-ref --short HEAD [2ms]
[2022-09-03T19:43:47.146Z] > git for-each-ref --format=%(refname)%00%(upstream:short)%00%(objectname)%00%(upstream:track)%00%(upstream:remotename)%00%(upstream:remoteref) refs/heads/master refs/remotes/master [1ms]
[2022-09-03T19:43:47.153Z] > git for-each-ref --sort -committerdate --format %(refname) %(objectname) %(*objectname) [4ms]
[2022-09-03T19:43:47.155Z] > git remote --verbose [2ms]
[2022-09-03T19:43:47.208Z] > git config --get commit.template [2ms]
[2022-09-03T19:43:52.239Z] > git status -z -uall [26ms]
[2022-09-03T19:43:52.245Z] > git symbolic-ref --short HEAD [2ms]
[2022-09-03T19:43:52.249Z] > git for-each-ref --format=%(refname)%00%(upstream:short)%00%(objectname)%00%(upstream:track)%00%(upstream:remotename)%00%(upstream:remoteref) refs/heads/master refs/remotes/master [2ms]
[2022-09-03T19:43:52.255Z] > git for-each-ref --sort -committerdate --format %(refname) %(objectname) %(*objectname) [4ms]
[2022-09-03T19:43:52.257Z] > git remote --verbose [2ms]
[2022-09-03T19:43:52.309Z] > git config --get commit.template [1ms]
[2022-09-03T19:43:57.383Z] > git status -z -uall [69ms]
[2022-09-03T19:43:57.416Z] > git symbolic-ref --short HEAD [19ms]
[2022-09-03T19:43:57.433Z] > git for-each-ref --format=%(refname)%00%(upstream:short)%00%(objectname)%00%(upstream:track)%00%(upstream:remotename)%00%(upstream:remoteref) refs/heads/master refs/remotes/master [12ms]
[2022-09-03T19:43:57.443Z] > git for-each-ref --sort -committerdate --format %(refname) %(objectname) %(*objectname) [5ms]
[2022-09-03T19:43:57.445Z] > git remote --verbose [3ms]
[2022-09-03T19:43:57.502Z] > git config --get commit.template [5ms]
[2022-09-03T19:44:02.533Z] > git status -z -uall [26ms]
[2022-09-03T19:44:02.539Z] > git symbolic-ref --short HEAD [2ms]
[2022-09-03T19:44:02.543Z] > git for-each-ref --format=%(refname)%00%(upstream:short)%00%(objectname)%00%(upstream:track)%00%(upstream:remotename)%00%(upstream:remoteref) refs/heads/master refs/remotes/master [1ms]
[2022-09-03T19:44:02.550Z] > git for-each-ref --sort -committerdate --format %(refname) %(objectname) %(*objectname) [4ms]
[2022-09-03T19:44:02.551Z] > git remote --verbose [2ms]
[2022-09-03T19:44:02.603Z] > git config --get commit.template [2ms]
[2022-09-03T19:44:04.686Z] > git ls-files --stage -- /home/ec2-user/dockerfile [4ms]
[2022-09-03T19:44:04.714Z] > git cat-file -s 4263006636c26e4eb6782794400b3d2407494b0e [18ms]
[2022-09-03T19:44:04.848Z] > git show --textconv :dockerfile [27ms]
[2022-09-03T19:44:07.640Z] > git status -z -uall [31ms]
[2022-09-03T19:44:07.646Z] > git symbolic-ref --short HEAD [2ms]
[2022-09-03T19:44:07.651Z] > git for-each-ref --format=%(refname)%00%(upstream:short)%00%(objectname)%00%(upstream:track)%00%(upstream:remotename)%00%(upstream:remoteref) refs/heads/master refs/remotes/master [1ms]
[2022-09-03T19:44:07.659Z] > git for-each-ref --sort -committerdate --format %(refname) %(objectname) %(*objectname) [5ms]
[2022-09-03T19:44:07.660Z] > git remote --verbose [2ms]
[2022-09-03T19:44:07.707Z] > git config --get commit.template [2ms]
[2022-09-03T19:44:12.732Z] > git status -z -uall [20ms]
[2022-09-03T19:44:12.738Z] > git symbolic-ref --short HEAD [2ms]
[2022-09-03T19:44:12.742Z] > git for-each-ref --format=%(refname)%00%(upstream:short)%00%(objectname)%00%(upstream:track)%00%(upstream:remotename)%00%(upstream:remoteref) refs/heads/master refs/remotes/master [1ms]
[2022-09-03T19:44:12.749Z] > git for-each-ref --sort -committerdate --format %(refname) %(objectname) %(*objectname) [4ms]
[2022-09-03T19:44:12.751Z] > git remote --verbose [2ms]
[2022-09-03T19:44:12.756Z] > git config --get commit.template [1ms]
[2022-09-03T19:44:17.782Z] > git status -z -uall [21ms]
[2022-09-03T19:44:17.787Z] > git symbolic-ref --short HEAD [2ms]
[2022-09-03T19:44:17.790Z] > git for-each-ref --format=%(refname)%00%(upstream:short)%00%(objectname)%00%(upstream:track)%00%(upstream:remotename)%00%(upstream:remoteref) refs/heads/master refs/remotes/master [1ms]
[2022-09-03T19:44:17.796Z] > git for-each-ref --sort -committerdate --format %(refname) %(objectname) %(*objectname) [4ms]
[2022-09-03T19:44:17.798Z] > git remote --verbose [3ms]
[2022-09-03T19:44:17.802Z] > git config --get commit.template [1ms]
[2022-09-03T19:44:22.827Z] > git status -z -uall [20ms]
[2022-09-03T19:44:22.832Z] > git symbolic-ref --short HEAD [2ms]
[2022-09-03T19:44:22.836Z] > git for-each-ref --format=%(refname)%00%(upstream:short)%00%(objectname)%00%(upstream:track)%00%(upstream:remotename)%00%(upstream:remoteref) refs/heads/master refs/remotes/master [2ms]
[2022-09-03T19:44:22.842Z] > git for-each-ref --sort -committerdate --format %(refname) %(objectname) %(*objectname) [4ms]
[2022-09-03T19:44:22.843Z] > git remote --verbose [2ms]
[2022-09-03T19:44:22.848Z] > git config --get commit.template [2ms]
[2022-09-03T19:44:27.873Z] > git status -z -uall [21ms]
[2022-09-03T19:44:27.878Z] > git symbolic-ref --short HEAD [2ms]
[2022-09-03T19:44:27.882Z] > git for-each-ref --format=%(refname)%00%(upstream:short)%00%(objectname)%00%(upstream:track)%00%(upstream:remotename)%00%(upstream:remoteref) refs/heads/master refs/remotes/master [2ms]
[2022-09-03T19:44:27.887Z] > git for-each-ref --sort -committerdate --format %(refname) %(objectname) %(*objectname) [3ms]
[2022-09-03T19:44:27.889Z] > git remote --verbose [2ms]
[2022-09-03T19:44:27.894Z] > git config --get commit.template [2ms]
[2022-09-03T19:44:28.151Z] > git ls-files --stage -- /home/ec2-user/dockerfile [3ms]
[2022-09-03T19:44:28.156Z] > git cat-file -s 4263006636c26e4eb6782794400b3d2407494b0e [1ms]
[2022-09-03T19:44:28.363Z] > git show --textconv :dockerfile [3ms]
[2022-09-03T19:44:32.918Z] > git status -z -uall [21ms]
[2022-09-03T19:44:32.923Z] > git symbolic-ref --short HEAD [2ms]
[2022-09-03T19:44:32.926Z] > git for-each-ref --format=%(refname)%00%(upstream:short)%00%(objectname)%00%(upstream:track)%00%(upstream:remotename)%00%(upstream:remoteref) refs/heads/master refs/remotes/master [1ms]
[2022-09-03T19:44:32.932Z] > git for-each-ref --sort -committerdate --format %(refname) %(objectname) %(*objectname) [4ms]
[2022-09-03T19:44:32.933Z] > git remote --verbose [2ms]
[2022-09-03T19:44:32.939Z] > git config --get commit.template [2ms]
[2022-09-03T19:44:37.965Z] > git status -z -uall [21ms]
[2022-09-03T19:44:37.970Z] > git symbolic-ref --short HEAD [1ms]
[2022-09-03T19:44:37.974Z] > git for-each-ref --format=%(refname)%00%(upstream:short)%00%(objectname)%00%(upstream:track)%00%(upstream:remotename)%00%(upstream:remoteref) refs/heads/master refs/remotes/master [1ms]
[2022-09-03T19:44:37.981Z] > git for-each-ref --sort -committerdate --format %(refname) %(objectname) %(*objectname) [5ms]
[2022-09-03T19:44:37.983Z] > git remote --verbose [2ms]
[2022-09-03T19:44:37.988Z] > git config --get commit.template [2ms]
[2022-09-03T19:44:43.012Z] > git status -z -uall [20ms]
[2022-09-03T19:44:43.016Z] > git symbolic-ref --short HEAD [2ms]
[2022-09-03T19:44:43.020Z] > git for-each-ref --format=%(refname)%00%(upstream:short)%00%(objectname)%00%(upstream:track)%00%(upstream:remotename)%00%(upstream:remoteref) refs/heads/master refs/remotes/master [2ms]
[2022-09-03T19:44:43.026Z] > git for-each-ref --sort -committerdate --format %(refname) %(objectname) %(*objectname) [4ms]
[2022-09-03T19:44:43.027Z] > git remote --verbose [2ms]
[2022-09-03T19:44:43.032Z] > git config --get commit.template [2ms]
[2022-09-03T19:44:48.057Z] > git status -z -uall [21ms]
[2022-09-03T19:44:48.065Z] > git symbolic-ref --short HEAD [2ms]
[2022-09-03T19:44:48.070Z] > git for-each-ref --format=%(refname)%00%(upstream:short)%00%(objectname)%00%(upstream:track)%00%(upstream:remotename)%00%(upstream:remoteref) refs/heads/master refs/remotes/master [3ms]
[2022-09-03T19:44:48.076Z] > git for-each-ref --sort -committerdate --format %(refname) %(objectname) %(*objectname) [4ms]
[2022-09-03T19:44:48.078Z] > git remote --verbose [3ms]
[2022-09-03T19:44:48.082Z] > git config --get commit.template [1ms]
[2022-09-03T19:44:52.918Z] > git ls-files --stage -- /home/ec2-user/dockerfile [3ms]
[2022-09-03T19:44:52.922Z] > git cat-file -s 4263006636c26e4eb6782794400b3d2407494b0e [2ms]
[2022-09-03T19:44:53.107Z] > git status -z -uall [21ms]
[2022-09-03T19:44:53.112Z] > git symbolic-ref --short HEAD [2ms]
[2022-09-03T19:44:53.116Z] > git for-each-ref --format=%(refname)%00%(upstream:short)%00%(objectname)%00%(upstream:track)%00%(upstream:remotename)%00%(upstream:remoteref) refs/heads/master refs/remotes/master [2ms]
[2022-09-03T19:44:53.121Z] > git for-each-ref --sort -committerdate --format %(refname) %(objectname) %(*objectname) [3ms]
[2022-09-03T19:44:53.123Z] > git remote --verbose [2ms]
[2022-09-03T19:44:53.127Z] > git config --get commit.template [1ms]
[2022-09-03T19:44:53.240Z] > git show --textconv :dockerfile [4ms]
[2022-09-03T19:44:58.152Z] > git status -z -uall [20ms]
[2022-09-03T19:44:58.157Z] > git symbolic-ref --short HEAD [2ms]
[2022-09-03T19:44:58.161Z] > git for-each-ref --format=%(refname)%00%(upstream:short)%00%(objectname)%00%(upstream:track)%00%(upstream:remotename)%00%(upstream:remoteref) refs/heads/master refs/remotes/master [2ms]
[2022-09-03T19:44:58.166Z] > git for-each-ref --sort -committerdate --format %(refname) %(objectname) %(*objectname) [3ms]
[2022-09-03T19:44:58.168Z] > git remote --verbose [2ms]
[2022-09-03T19:44:58.174Z] > git config --get commit.template [2ms]
